<?xml version="1.0" encoding="UTF-8"?>
<testsuite name="com.SDIS.HeaderConcreteTest" tests="36" skipped="0" failures="0" errors="0" timestamp="2021-03-04T13:18:58" hostname="miguel-ThinkPad-X1-Carbon-Gen-8" time="0.015">
  <properties/>
  <testcase name="TestHeaderReaderStoredCorrect" classname="com.SDIS.HeaderConcreteTest" time="0.003"/>
  <testcase name="TestHeaderReaderGetChunkCorrect" classname="com.SDIS.HeaderConcreteTest" time="0.0"/>
  <testcase name="TestHeaderReaderPutChunkMessageTypeError" classname="com.SDIS.HeaderConcreteTest" time="0.0"/>
  <testcase name="TestHeaderReaderPutChunkChunkNoError1" classname="com.SDIS.HeaderConcreteTest" time="0.0"/>
  <testcase name="TestHeaderReaderPutChunkChunkNoError2" classname="com.SDIS.HeaderConcreteTest" time="0.0"/>
  <testcase name="TestHeaderReaderPutChunkChunkNoError3" classname="com.SDIS.HeaderConcreteTest" time="0.001"/>
  <testcase name="TestHeaderReaderPutChunkChunkNoError4" classname="com.SDIS.HeaderConcreteTest" time="0.0"/>
  <testcase name="TestHeaderReaderPutChunkChunkNoError5" classname="com.SDIS.HeaderConcreteTest" time="0.0"/>
  <testcase name="TestHeaderReaderDelete1" classname="com.SDIS.HeaderConcreteTest" time="0.001"/>
  <testcase name="TestHeaderReaderDelete2" classname="com.SDIS.HeaderConcreteTest" time="0.0"/>
  <testcase name="TestHeaderReaderChunkCorrect" classname="com.SDIS.HeaderConcreteTest" time="0.0"/>
  <testcase name="TestHeaderReaderDeleteCorrect" classname="com.SDIS.HeaderConcreteTest" time="0.001"/>
  <testcase name="TestHeaderReaderPutChunkCorrect" classname="com.SDIS.HeaderConcreteTest" time="0.0"/>
  <testcase name="TestHeaderReaderChunk1" classname="com.SDIS.HeaderConcreteTest" time="0.0"/>
  <testcase name="TestHeaderReaderChunk2" classname="com.SDIS.HeaderConcreteTest" time="0.001"/>
  <testcase name="TestHeaderReaderPutChunkFileIDError" classname="com.SDIS.HeaderConcreteTest" time="0.0"/>
  <testcase name="TestHeaderReaderPutChunkSenderIdError1" classname="com.SDIS.HeaderConcreteTest" time="0.0"/>
  <testcase name="TestHeaderReaderPutChunkSenderIdError2" classname="com.SDIS.HeaderConcreteTest" time="0.0"/>
  <testcase name="TestHeaderReaderPutChunkSenderIdError3" classname="com.SDIS.HeaderConcreteTest" time="0.001"/>
  <testcase name="TestHeaderReaderStored1" classname="com.SDIS.HeaderConcreteTest" time="0.0"/>
  <testcase name="TestHeaderReaderStored2" classname="com.SDIS.HeaderConcreteTest" time="0.0"/>
  <testcase name="TestHeaderReaderPutChunkIncorrectHeader" classname="com.SDIS.HeaderConcreteTest" time="0.0"/>
  <testcase name="TestHeaderReaderRemoved1" classname="com.SDIS.HeaderConcreteTest" time="0.0"/>
  <testcase name="TestHeaderReaderRemoved2" classname="com.SDIS.HeaderConcreteTest" time="0.0"/>
  <testcase name="TestHeaderReaderMultCorrect" classname="com.SDIS.HeaderConcreteTest" time="0.0"/>
  <testcase name="TestHeaderReaderPutChunkCRLF1" classname="com.SDIS.HeaderConcreteTest" time="0.0"/>
  <testcase name="TestHeaderReaderPutChunkCRLF2" classname="com.SDIS.HeaderConcreteTest" time="0.0"/>
  <testcase name="TestHeaderReaderPutChunkCRLF3" classname="com.SDIS.HeaderConcreteTest" time="0.0"/>
  <testcase name="TestHeaderReaderEmptyRequest" classname="com.SDIS.HeaderConcreteTest" time="0.0"/>
  <testcase name="TestHeaderReaderGetChunk1" classname="com.SDIS.HeaderConcreteTest" time="0.0"/>
  <testcase name="TestHeaderReaderGetChunk2" classname="com.SDIS.HeaderConcreteTest" time="0.0"/>
  <testcase name="TestHeaderReaderRemovedCorrect" classname="com.SDIS.HeaderConcreteTest" time="0.0"/>
  <testcase name="TestHeaderReaderPutChunkReplicationDegError1" classname="com.SDIS.HeaderConcreteTest" time="0.0"/>
  <testcase name="TestHeaderReaderPutChunkReplicationDegError2" classname="com.SDIS.HeaderConcreteTest" time="0.0"/>
  <testcase name="TestHeaderReaderPutChunkReplicationDegError3" classname="com.SDIS.HeaderConcreteTest" time="0.0"/>
  <testcase name="TestHeaderReaderPutChunkReplicationDegError4" classname="com.SDIS.HeaderConcreteTest" time="0.001"/>
  <system-out><![CDATA[]]></system-out>
  <system-err><![CDATA[]]></system-err>
</testsuite>
